2023-08-06 06:31:08.599649 - Initialized conversion of CBT690
2023-08-06 06:31:08.727730 - Received CBT.V505.FILE690.PDS from FILE690.XMI 
2023-08-06 06:31:08.729868 - Found $$$#DATE.txt (text/plain) in CBT.V505.FILE690.PDS, moved to PDS/$$$#DATE
2023-08-06 06:31:08.730830 - Found $$$DOC.txt (text/plain) in CBT.V505.FILE690.PDS, moved to PDS/$$$DOC
2023-08-06 06:31:08.731758 - Found $$ASM.jcl (text/plain) in CBT.V505.FILE690.PDS, moved to PDS/$$ASM
2023-08-06 06:31:08.733085 - Found @FILE690.txt (text/plain) in CBT.V505.FILE690.PDS, moved to PDS/@FILE690
2023-08-06 06:31:08.734097 - Found @RETURN.txt (text/plain) in CBT.V505.FILE690.PDS, moved to PDS/@RETURN
2023-08-06 06:31:08.735119 - Found @SAVE.txt (text/plain) in CBT.V505.FILE690.PDS, moved to PDS/@SAVE
2023-08-06 06:31:08.736031 - Found MEMDSECT.txt (text/plain) in CBT.V505.FILE690.PDS, moved to PDS/MEMDSECT
2023-08-06 06:31:08.736870 - Found MEMWORK.txt (text/plain) in CBT.V505.FILE690.PDS, moved to PDS/MEMWORK
2023-08-06 06:31:08.737920 - Found REG.txt (text/plain) in CBT.V505.FILE690.PDS, moved to PDS/REG
2023-08-06 06:31:08.739075 - Found XMDSCMD.txt (text/plain) in CBT.V505.FILE690.PDS, moved to PDS/XMDSCMD
2023-08-06 06:31:08.739969 - Found XMDSFIND.txt (text/plain) in CBT.V505.FILE690.PDS, moved to PDS/XMDSFIND
2023-08-06 06:31:08.740823 - Found XMDSFORM.txt (text/plain) in CBT.V505.FILE690.PDS, moved to PDS/XMDSFORM
2023-08-06 06:31:08.741693 - Found XMDSHELP.txt (text/plain) in CBT.V505.FILE690.PDS, moved to PDS/XMDSHELP
2023-08-06 06:31:08.742573 - Found XMDSMAIN.txt (text/plain) in CBT.V505.FILE690.PDS, moved to PDS/XMDSMAIN
2023-08-06 06:31:08.743565 - Found XMDSMAP.txt (text/plain) in CBT.V505.FILE690.PDS, moved to PDS/XMDSMAP
2023-08-06 06:31:08.744406 - Found XMDSMVCP.txt (text/plain) in CBT.V505.FILE690.PDS, moved to PDS/XMDSMVCP
2023-08-06 06:31:08.745275 - Found XMDSTGET.txt (text/plain) in CBT.V505.FILE690.PDS, moved to PDS/XMDSTGET
2023-08-06 06:31:08.746183 - Found XMDSTPUT.txt (text/plain) in CBT.V505.FILE690.PDS, moved to PDS/XMDSTPUT
2023-08-06 06:31:08.747120 - Found ZAPPROC.jcl (text/plain) in CBT.V505.FILE690.PDS, moved to PDS/ZAPPROC
2023-08-06 06:31:08.748104 - Found ZZNOAUTH.txt (text/plain) in CBT.V505.FILE690.PDS, moved to PDS/ZZNOAUTH
